<?xml version="1.0" encoding="UTF-8"?>
<testsuite xmlns:xsi="http://www.w3.org/2001/XMLSchema-instance" xsi:noNamespaceSchemaLocation="https://maven.apache.org/surefire/maven-surefire-plugin/xsd/surefire-test-report-3.0.xsd" version="3.0" name="org.microservice.test1.MicroserviceTest1ApplicationTests" time="5.205" tests="1" errors="0" skipped="0" failures="0">
  <properties>
[...]
</properties>
  <testcase name="contextLoads" classname="org.microservice.test1.MicroserviceTest1ApplicationTests" time="0.959">
    <system-out><![CDATA[10:55:34.086 [main] INFO org.springframework.test.context.support.AnnotationConfigContextLoaderUtils -- Could not detect default configuration classes for test class [org.microservice.test1.MicroserviceTest1ApplicationTests]: MicroserviceTest1ApplicationTests does not declare any static, non-private, non-final, nested classes annotated with @Configuration.
10:55:34.199 [main] INFO org.springframework.boot.test.context.SpringBootTestContextBootstrapper -- Found @SpringBootConfiguration org.microservice.test1.MicroserviceTest1Application for test class org.microservice.test1.MicroserviceTest1ApplicationTests

  .   ____          _            __ _ _
 /\\ / ___'_ __ _ _(_)_ __  __ _ \ \ \ \
( ( )\___ | '_ | '_| | '_ \/ _` | \ \ \ \
 \\/  ___)| |_)| | | | | || (_| |  ) ) ) )
  '  |____| .__|_| |_|_| |_\__, | / / / /
 =========|_|==============|___/=/_/_/_/

 :: Spring Boot ::                (v3.3.2)

2024-08-16T10:55:35.080-05:00  INFO 158698 --- [microservice-test1] [           main] o.m.t.MicroserviceTest1ApplicationTests  : Starting MicroserviceTest1ApplicationTests using Java 17.0.12 with PID 158698 (started by davidabel in /home/davidabel/Documentos/IntellyIdea/backend/microservice-test1)
2024-08-16T10:55:35.081-05:00  INFO 158698 --- [microservice-test1] [           main] o.m.t.MicroserviceTest1ApplicationTests  : No active profile set, falling back to 1 default profile: "default"
2024-08-16T10:55:35.106-05:00  INFO 158698 --- [microservice-test1] [           main] o.s.c.c.c.ConfigServerConfigDataLoader   : Fetching config from server at : http://localhost:8888
2024-08-16T10:55:35.106-05:00  INFO 158698 --- [microservice-test1] [           main] o.s.c.c.c.ConfigServerConfigDataLoader   : Exception on Url - http://localhost:8888:org.springframework.web.client.ResourceAccessException: I/O error on GET request for "http://localhost:8888/microservice-test1/default": Conexión rehusada. Will be trying the next url if available
2024-08-16T10:55:35.106-05:00  WARN 158698 --- [microservice-test1] [           main] o.s.c.c.c.ConfigServerConfigDataLoader   : Could not locate PropertySource ([ConfigServerConfigDataResource@3b05a99b uris = array<String>['http://localhost:8888'], optional = true, profiles = 'default']): I/O error on GET request for "http://localhost:8888/microservice-test1/default": Conexión rehusada
2024-08-16T10:55:35.106-05:00  INFO 158698 --- [microservice-test1] [           main] o.s.c.c.c.ConfigServerConfigDataLoader   : Fetching config from server at : http://localhost:8888
2024-08-16T10:55:35.106-05:00  INFO 158698 --- [microservice-test1] [           main] o.s.c.c.c.ConfigServerConfigDataLoader   : Exception on Url - http://localhost:8888:org.springframework.web.client.ResourceAccessException: I/O error on GET request for "http://localhost:8888/microservice-test1/default": Conexión rehusada. Will be trying the next url if available
2024-08-16T10:55:35.106-05:00  WARN 158698 --- [microservice-test1] [           main] o.s.c.c.c.ConfigServerConfigDataLoader   : Could not locate PropertySource ([ConfigServerConfigDataResource@d56aaa6 uris = array<String>['http://localhost:8888'], optional = true, profiles = 'default']): I/O error on GET request for "http://localhost:8888/microservice-test1/default": Conexión rehusada
2024-08-16T10:55:35.107-05:00  INFO 158698 --- [microservice-test1] [           main] o.s.c.c.c.ConfigServerConfigDataLoader   : Fetching config from server at : http://localhost:8888
2024-08-16T10:55:35.107-05:00  INFO 158698 --- [microservice-test1] [           main] o.s.c.c.c.ConfigServerConfigDataLoader   : Exception on Url - http://localhost:8888:org.springframework.web.client.ResourceAccessException: I/O error on GET request for "http://localhost:8888/microservice-test1/default": Conexión rehusada. Will be trying the next url if available
2024-08-16T10:55:35.107-05:00  WARN 158698 --- [microservice-test1] [           main] o.s.c.c.c.ConfigServerConfigDataLoader   : Could not locate PropertySource ([ConfigServerConfigDataResource@6972c30a uris = array<String>['http://localhost:8888'], optional = true, profiles = 'default']): I/O error on GET request for "http://localhost:8888/microservice-test1/default": Conexión rehusada
2024-08-16T10:55:36.035-05:00  INFO 158698 --- [microservice-test1] [           main] o.s.cloud.context.scope.GenericScope     : BeanFactory id=d1708af5-2f9a-363b-a5f8-20301aaab7b0
2024-08-16T10:55:36.102-05:00  WARN 158698 --- [microservice-test1] [           main] trationDelegate$BeanPostProcessorChecker : Bean 'org.springframework.cloud.client.loadbalancer.LoadBalancerAutoConfiguration$DeferringLoadBalancerInterceptorConfig' of type [org.springframework.cloud.client.loadbalancer.LoadBalancerAutoConfiguration$DeferringLoadBalancerInterceptorConfig] is not eligible for getting processed by all BeanPostProcessors (for example: not eligible for auto-proxying). The currently created BeanPostProcessor [lbRestClientPostProcessor] is declared through a non-static factory method on that class; consider declaring it as static instead.
2024-08-16T10:55:36.105-05:00  WARN 158698 --- [microservice-test1] [           main] trationDelegate$BeanPostProcessorChecker : Bean 'deferringLoadBalancerInterceptor' of type [org.springframework.cloud.client.loadbalancer.DeferringLoadBalancerInterceptor] is not eligible for getting processed by all BeanPostProcessors (for example: not eligible for auto-proxying). Is this bean getting eagerly injected into a currently created BeanPostProcessor [lbRestClientPostProcessor]? Check the corresponding BeanPostProcessor declaration and its dependencies.
2024-08-16T10:55:36.975-05:00  INFO 158698 --- [microservice-test1] [           main] DiscoveryClientOptionalArgsConfiguration : Eureka HTTP Client uses RestTemplate.
2024-08-16T10:55:37.026-05:00  WARN 158698 --- [microservice-test1] [           main] iguration$LoadBalancerCaffeineWarnLogger : Spring Cloud LoadBalancer is currently working with the default cache. While this cache implementation is useful for development and tests, it's recommended to use Caffeine cache in production.You can switch to using Caffeine cache, by adding it and org.springframework.cache.caffeine.CaffeineCacheManager to the classpath.
2024-08-16T10:55:37.038-05:00  INFO 158698 --- [microservice-test1] [           main] o.s.b.a.e.web.EndpointLinksResolver      : Exposing 1 endpoint beneath base path '/actuator'
2024-08-16T10:55:37.090-05:00  INFO 158698 --- [microservice-test1] [           main] o.s.c.n.eureka.InstanceInfoFactory       : Setting initial instance status as: STARTING
2024-08-16T10:55:37.112-05:00  INFO 158698 --- [microservice-test1] [           main] com.netflix.discovery.DiscoveryClient    : Initializing Eureka in region us-east-1
2024-08-16T10:55:37.117-05:00  INFO 158698 --- [microservice-test1] [           main] c.n.d.s.r.aws.ConfigClusterResolver      : Resolving eureka endpoints via configuration
2024-08-16T10:55:37.125-05:00  INFO 158698 --- [microservice-test1] [           main] com.netflix.discovery.DiscoveryClient    : Disable delta property : false
2024-08-16T10:55:37.125-05:00  INFO 158698 --- [microservice-test1] [           main] com.netflix.discovery.DiscoveryClient    : Single vip registry refresh property : null
2024-08-16T10:55:37.125-05:00  INFO 158698 --- [microservice-test1] [           main] com.netflix.discovery.DiscoveryClient    : Force full registry fetch : false
2024-08-16T10:55:37.125-05:00  INFO 158698 --- [microservice-test1] [           main] com.netflix.discovery.DiscoveryClient    : Application is null : false
2024-08-16T10:55:37.125-05:00  INFO 158698 --- [microservice-test1] [           main] com.netflix.discovery.DiscoveryClient    : Registered Applications size is zero : true
2024-08-16T10:55:37.125-05:00  INFO 158698 --- [microservice-test1] [           main] com.netflix.discovery.DiscoveryClient    : Application version is -1: true
2024-08-16T10:55:37.126-05:00  INFO 158698 --- [microservice-test1] [           main] com.netflix.discovery.DiscoveryClient    : Getting all instance registry info from the eureka server
2024-08-16T10:55:38.051-05:00  INFO 158698 --- [microservice-test1] [           main] com.netflix.discovery.DiscoveryClient    : The response status is 200
2024-08-16T10:55:38.053-05:00  INFO 158698 --- [microservice-test1] [           main] com.netflix.discovery.DiscoveryClient    : Starting heartbeat executor: renew interval is: 30
2024-08-16T10:55:38.056-05:00  INFO 158698 --- [microservice-test1] [           main] c.n.discovery.InstanceInfoReplicator     : InstanceInfoReplicator onDemand update allowed rate per min is 4
2024-08-16T10:55:38.059-05:00  INFO 158698 --- [microservice-test1] [           main] com.netflix.discovery.DiscoveryClient    : Discovery Client initialized at timestamp 1723823738058 with initial instances count: 0
2024-08-16T10:55:38.064-05:00  INFO 158698 --- [microservice-test1] [           main] o.s.c.n.e.s.EurekaServiceRegistry        : Registering application MICROSERVICE-TEST1 with eureka with status UP
2024-08-16T10:55:38.068-05:00  INFO 158698 --- [microservice-test1] [           main] com.netflix.discovery.DiscoveryClient    : Saw local status change event StatusChangeEvent [timestamp=1723823738065, current=UP, previous=STARTING]
2024-08-16T10:55:38.071-05:00  INFO 158698 --- [microservice-test1] [foReplicator-%d] com.netflix.discovery.DiscoveryClient    : DiscoveryClient_MICROSERVICE-TEST1/192.168.0.108:microservice-test1:8082: registering service...
2024-08-16T10:55:38.097-05:00  INFO 158698 --- [microservice-test1] [           main] o.m.t.MicroserviceTest1ApplicationTests  : Started MicroserviceTest1ApplicationTests in 3.741 seconds (process running for 4.639)
2024-08-16T10:55:38.438-05:00  INFO 158698 --- [microservice-test1] [foReplicator-%d] com.netflix.discovery.DiscoveryClient    : DiscoveryClient_MICROSERVICE-TEST1/192.168.0.108:microservice-test1:8082 - registration status: 204
]]></system-out>
  </testcase>
</testsuite>